GROUP,PACKAGE,CLASS,INSTRUCTION_MISSED,INSTRUCTION_COVERED,BRANCH_MISSED,BRANCH_COVERED,LINE_MISSED,LINE_COVERED,COMPLEXITY_MISSED,COMPLEXITY_COVERED,METHOD_MISSED,METHOD_COVERED
Junit Class Demo,demo.junit_class_demo.grades,ChartIO,8,79,0,4,4,16,0,5,0,3
Junit Class Demo,demo.junit_class_demo.grades,HistogramGenerator,3,107,0,4,1,24,1,7,1,5
Junit Class Demo,demo.junit_class_demo.grades,HistogramMain,18,0,0,0,5,0,2,0,2,0
Junit Class Demo,demo.junit_class_demo.math,MyAdvancedMath,5,73,3,13,1,17,3,9,0,4
Junit Class Demo,demo.junit_class_demo.math,MyMath,0,19,0,4,0,7,0,5,0,3
