GROUP,PACKAGE,CLASS,INSTRUCTION_MISSED,INSTRUCTION_COVERED,BRANCH_MISSED,BRANCH_COVERED,LINE_MISSED,LINE_COVERED,COMPLEXITY_MISSED,COMPLEXITY_COVERED,METHOD_MISSED,METHOD_COVERED
Junit Class Demo,demo.junit_class_demo.grades,ChartIO,8,79,0,4,4,16,0,5,0,3
Junit Class Demo,demo.junit_class_demo.grades,HistogramGenerator,0,110,0,4,0,25,0,8,0,6
Junit Class Demo,demo.junit_class_demo.grades,HistogramMain,3,15,0,0,1,4,1,1,1,1
Junit Class Demo,demo.junit_class_demo.math,MyAdvancedMath,0,78,2,14,0,18,2,10,0,4
Junit Class Demo,demo.junit_class_demo.math,MyMath,0,19,0,4,0,7,0,5,0,3
